#m_eff(t) of P5P5  propagators:1) mu -1.26700 r -1 theta -0.00000 2) mu -0.55000 r 1 theta 0.00000
1   2.465852008788779e-01    5.238558461353210e-05	   2.465151715433314e-01    7.265489023104364e-05	1.330000000000000e+00   2.465151715433314e-01    7.265489023104364e-05	1.660000000000000e+00   2.465151715433314e-01    7.265489023104364e-05
2   2.465184505999027e-01    6.997973840440988e-05	   2.465151715433314e-01    7.265489023104364e-05	2.330000000000000e+00   2.465151715433314e-01    7.265489023104364e-05	2.660000000000000e+00   2.465151715433314e-01    7.265489023104364e-05
3   2.464686275292529e-01    8.267325283492955e-05	   2.465151715433314e-01    7.265489023104364e-05	3.330000000000000e+00   2.465151715433314e-01    7.265489023104364e-05	3.660000000000000e+00   2.465151715433314e-01    7.265489023104364e-05
4   2.464204627933247e-01    9.935323276544000e-05	   2.465151715433314e-01    7.265489023104364e-05	4.330000000000000e+00   2.465151715433314e-01    7.265489023104364e-05	4.660000000000000e+00   2.465151715433314e-01    7.265489023104364e-05
5   2.464173482257887e-01    1.294385807022546e-04	   2.465151715433314e-01    7.265489023104364e-05	5.330000000000000e+00   2.465151715433314e-01    7.265489023104364e-05	5.660000000000000e+00   2.465151715433314e-01    7.265489023104364e-05
6   2.463784699660178e-01    1.861477198381372e-04	   2.465151715433314e-01    7.265489023104364e-05	6.330000000000000e+00   2.465151715433314e-01    7.265489023104364e-05	6.660000000000000e+00   2.465151715433314e-01    7.265489023104364e-05
7   2.464216102243028e-01    2.202036056599732e-04	   2.465151715433314e-01    7.265489023104364e-05	7.330000000000000e+00   2.465151715433314e-01    7.265489023104364e-05	7.660000000000000e+00   2.465151715433314e-01    7.265489023104364e-05
8   2.464138259834841e-01    2.605114941336666e-04	   2.465151715433314e-01    7.265489023104364e-05	8.330000000000000e+00   2.465151715433314e-01    7.265489023104364e-05	8.660000000000000e+00   2.465151715433314e-01    7.265489023104364e-05
9   2.463674350756591e-01    3.644560498207009e-04	   2.465151715433314e-01    7.265489023104364e-05	9.330000000000000e+00   2.465151715433314e-01    7.265489023104364e-05	9.660000000000000e+00   2.465151715433314e-01    7.265489023104364e-05
10   2.462271974189346e-01    4.471954476547149e-04	   2.465151715433314e-01    7.265489023104364e-05	1.033000000000000e+01   2.465151715433314e-01    7.265489023104364e-05	1.066000000000000e+01   2.465151715433314e-01    7.265489023104364e-05
11   2.464862432172920e-01    5.185698182962286e-04	   2.465151715433314e-01    7.265489023104364e-05	1.133000000000000e+01   2.465151715433314e-01    7.265489023104364e-05	1.166000000000000e+01   2.465151715433314e-01    7.265489023104364e-05
12   2.464001491563709e-01    6.097930974444785e-04	   2.465151715433314e-01    7.265489023104364e-05	1.233000000000000e+01   2.465151715433314e-01    7.265489023104364e-05	1.266000000000000e+01   2.465151715433314e-01    7.265489023104364e-05
13   2.465571270709218e-01    8.196297269088529e-04	   2.465151715433314e-01    7.265489023104364e-05	1.333000000000000e+01   2.465151715433314e-01    7.265489023104364e-05	1.366000000000000e+01   2.465151715433314e-01    7.265489023104364e-05
14   2.476110911966760e-01    1.307435430223727e-03	   2.465151715433314e-01    7.265489023104364e-05	1.433000000000000e+01   2.465151715433314e-01    7.265489023104364e-05	1.466000000000000e+01   2.465151715433314e-01    7.265489023104364e-05
15   2.471698030351286e-01    1.812600934470315e-03	   2.465151715433314e-01    7.265489023104364e-05	1.533000000000000e+01   2.465151715433314e-01    7.265489023104364e-05	1.566000000000000e+01   2.465151715433314e-01    7.265489023104364e-05
16   2.468652009654289e-01    2.169625875958640e-03	   2.465151715433314e-01    7.265489023104364e-05	1.633000000000000e+01   2.465151715433314e-01    7.265489023104364e-05	1.666000000000000e+01   2.465151715433314e-01    7.265489023104364e-05
17   2.467344922290221e-01    3.077153935560204e-03	   2.465151715433314e-01    7.265489023104364e-05	1.733000000000000e+01   2.465151715433314e-01    7.265489023104364e-05	1.766000000000000e+01   2.465151715433314e-01    7.265489023104364e-05
18   2.479191772450042e-01    4.281822708590922e-03	   2.465151715433314e-01    7.265489023104364e-05	1.833000000000000e+01   2.465151715433314e-01    7.265489023104364e-05	1.866000000000000e+01   2.465151715433314e-01    7.265489023104364e-05
19   2.461809780580008e-01    5.585774184156825e-03	   2.465151715433314e-01    7.265489023104364e-05	1.933000000000000e+01   2.465151715433314e-01    7.265489023104364e-05	1.966000000000000e+01   2.465151715433314e-01    7.265489023104364e-05
20   2.477813337521613e-01    7.171602087870625e-03	   2.465151715433314e-01    7.265489023104364e-05	2.033000000000000e+01   2.465151715433314e-01    7.265489023104364e-05	2.066000000000000e+01   2.465151715433314e-01    7.265489023104364e-05
21   2.485983696442809e-01    9.362809361496676e-03	   2.465151715433314e-01    7.265489023104364e-05	2.133000000000000e+01   2.465151715433314e-01    7.265489023104364e-05	2.166000000000000e+01   2.465151715433314e-01    7.265489023104364e-05
22   2.550142239038773e-01    1.256786776463875e-02	   2.465151715433314e-01    7.265489023104364e-05	2.233000000000000e+01   2.465151715433314e-01    7.265489023104364e-05	2.266000000000000e+01   2.465151715433314e-01    7.265489023104364e-05
23   2.657868802699356e-01    1.466215840992395e-02	   2.465151715433314e-01    7.265489023104364e-05	2.333000000000000e+01   2.465151715433314e-01    7.265489023104364e-05	2.366000000000000e+01   2.465151715433314e-01    7.265489023104364e-05
24   2.720102182706952e-01    1.887283259015029e-02	   2.465151715433314e-01    7.265489023104364e-05	2.433000000000000e+01   2.465151715433314e-01    7.265489023104364e-05	2.466000000000000e+01   2.465151715433314e-01    7.265489023104364e-05
25   2.833096484264366e-01    2.584840088518103e-02	   2.465151715433314e-01    7.265489023104364e-05	2.533000000000000e+01   2.465151715433314e-01    7.265489023104364e-05	2.566000000000000e+01   2.465151715433314e-01    7.265489023104364e-05
26   2.909434284013452e-01    3.428240889444834e-02	   2.465151715433314e-01    7.265489023104364e-05	2.633000000000000e+01   2.465151715433314e-01    7.265489023104364e-05	2.666000000000000e+01   2.465151715433314e-01    7.265489023104364e-05
27   3.163404715827557e-01    4.585326120069926e-02	   2.465151715433314e-01    7.265489023104364e-05	2.733000000000000e+01   2.465151715433314e-01    7.265489023104364e-05	2.766000000000000e+01   2.465151715433314e-01    7.265489023104364e-05
28   3.143188468785800e-01    5.488561611288208e-02	   2.465151715433314e-01    7.265489023104364e-05	2.833000000000000e+01   2.465151715433314e-01    7.265489023104364e-05	2.866000000000000e+01   2.465151715433314e-01    7.265489023104364e-05
29   3.141135237328374e-01    6.534142944361307e-02	   2.465151715433314e-01    7.265489023104364e-05	2.933000000000000e+01   2.465151715433314e-01    7.265489023104364e-05	2.966000000000000e+01   2.465151715433314e-01    7.265489023104364e-05
30   3.232193216727540e-01    7.149056967742794e-02	   2.465151715433314e-01    7.265489023104364e-05	3.033000000000000e+01   2.465151715433314e-01    7.265489023104364e-05	3.066000000000000e+01   2.465151715433314e-01    7.265489023104364e-05
31   3.057745121657993e-01    9.460239473066508e-02	   2.465151715433314e-01    7.265489023104364e-05	3.133000000000000e+01   2.465151715433314e-01    7.265489023104364e-05	3.166000000000000e+01   2.465151715433314e-01    7.265489023104364e-05


 #E1_0 fit in [1,6] chi2=0.82507  0.66941
0.246515171543331    7.26548902310436e-05    	
 

#m_eff(t) of P5P5  propagators:1) mu -1.26700 r -1 theta -0.00000 2) mu -0.55000 r 1 theta 0.00000
1   7.480249234351627e-01    7.850204442057417e-05	   7.480507482775318e-01    7.960069701899546e-05	1.330000000000000e+00   7.480507482775318e-01    7.960069701899546e-05	1.660000000000000e+00   7.480507482775318e-01    7.960069701899546e-05
2   7.481583445724754e-01    2.164793146975031e-04	   7.480507482775318e-01    7.960069701899546e-05	2.330000000000000e+00   7.480507482775318e-01    7.960069701899546e-05	2.660000000000000e+00   7.480507482775318e-01    7.960069701899546e-05
3   7.481666927787272e-01    3.535243973819207e-04	   7.480507482775318e-01    7.960069701899546e-05	3.330000000000000e+00   7.480507482775318e-01    7.960069701899546e-05	3.660000000000000e+00   7.480507482775318e-01    7.960069701899546e-05
4   7.482711386745166e-01    1.056440660158421e-03	   7.480507482775318e-01    7.960069701899546e-05	4.330000000000000e+00   7.480507482775318e-01    7.960069701899546e-05	4.660000000000000e+00   7.480507482775318e-01    7.960069701899546e-05
5   7.502797995569873e-01    2.230506524653583e-03	   7.480507482775318e-01    7.960069701899546e-05	5.330000000000000e+00   7.480507482775318e-01    7.960069701899546e-05	5.660000000000000e+00   7.480507482775318e-01    7.960069701899546e-05
6   7.539066677647730e-01    4.268363537299007e-03	   7.480507482775318e-01    7.960069701899546e-05	6.330000000000000e+00   7.480507482775318e-01    7.960069701899546e-05	6.660000000000000e+00   7.480507482775318e-01    7.960069701899546e-05
7   7.582353542847361e-01    5.277423749116788e-03	   7.480507482775318e-01    7.960069701899546e-05	7.330000000000000e+00   7.480507482775318e-01    7.960069701899546e-05	7.660000000000000e+00   7.480507482775318e-01    7.960069701899546e-05
8   7.637113522589177e-01    2.134964172662610e-02	   7.480507482775318e-01    7.960069701899546e-05	8.330000000000000e+00   7.480507482775318e-01    7.960069701899546e-05	8.660000000000000e+00   7.480507482775318e-01    7.960069701899546e-05
9   7.146443478805230e-01    4.694427015542511e-02	   7.480507482775318e-01    7.960069701899546e-05	9.330000000000000e+00   7.480507482775318e-01    7.960069701899546e-05	9.660000000000000e+00   7.480507482775318e-01    7.960069701899546e-05
10   6.497810736097150e-01    9.016484437300933e-02	   7.480507482775318e-01    7.960069701899546e-05	1.033000000000000e+01   7.480507482775318e-01    7.960069701899546e-05	1.066000000000000e+01   7.480507482775318e-01    7.960069701899546e-05
11   8.687263805928102e-01    1.644116671870802e-01	   7.480507482775318e-01    7.960069701899546e-05	1.133000000000000e+01   7.480507482775318e-01    7.960069701899546e-05	1.166000000000000e+01   7.480507482775318e-01    7.960069701899546e-05
12   9.866180084278632e-01    4.862155464579981e-01	   7.480507482775318e-01    7.960069701899546e-05	1.233000000000000e+01   7.480507482775318e-01    7.960069701899546e-05	1.266000000000000e+01   7.480507482775318e-01    7.960069701899546e-05
13   3.454739871323831e-01    6.124716066630345e-01	   7.480507482775318e-01    7.960069701899546e-05	1.333000000000000e+01   7.480507482775318e-01    7.960069701899546e-05	1.366000000000000e+01   7.480507482775318e-01    7.960069701899546e-05
14   3.914966145239231e+00    nan	   7.480507482775318e-01    7.960069701899546e-05	1.433000000000000e+01   7.480507482775318e-01    7.960069701899546e-05	1.466000000000000e+01   7.480507482775318e-01    7.960069701899546e-05
15   -nan    -nan	   7.480507482775318e-01    7.960069701899546e-05	1.533000000000000e+01   7.480507482775318e-01    7.960069701899546e-05	1.566000000000000e+01   7.480507482775318e-01    7.960069701899546e-05
16   nan    nan	   7.480507482775318e-01    7.960069701899546e-05	1.633000000000000e+01   7.480507482775318e-01    7.960069701899546e-05	1.666000000000000e+01   7.480507482775318e-01    7.960069701899546e-05
17   -nan    nan	   7.480507482775318e-01    7.960069701899546e-05	1.733000000000000e+01   7.480507482775318e-01    7.960069701899546e-05	1.766000000000000e+01   7.480507482775318e-01    7.960069701899546e-05
18   -nan    -nan	   7.480507482775318e-01    7.960069701899546e-05	1.833000000000000e+01   7.480507482775318e-01    7.960069701899546e-05	1.866000000000000e+01   7.480507482775318e-01    7.960069701899546e-05
19   nan    nan	   7.480507482775318e-01    7.960069701899546e-05	1.933000000000000e+01   7.480507482775318e-01    7.960069701899546e-05	1.966000000000000e+01   7.480507482775318e-01    7.960069701899546e-05
20   -nan    -nan	   7.480507482775318e-01    7.960069701899546e-05	2.033000000000000e+01   7.480507482775318e-01    7.960069701899546e-05	2.066000000000000e+01   7.480507482775318e-01    7.960069701899546e-05
21   nan    -nan	   7.480507482775318e-01    7.960069701899546e-05	2.133000000000000e+01   7.480507482775318e-01    7.960069701899546e-05	2.166000000000000e+01   7.480507482775318e-01    7.960069701899546e-05
22   nan    -nan	   7.480507482775318e-01    7.960069701899546e-05	2.233000000000000e+01   7.480507482775318e-01    7.960069701899546e-05	2.266000000000000e+01   7.480507482775318e-01    7.960069701899546e-05
23   -nan    -nan	   7.480507482775318e-01    7.960069701899546e-05	2.333000000000000e+01   7.480507482775318e-01    7.960069701899546e-05	2.366000000000000e+01   7.480507482775318e-01    7.960069701899546e-05
24   4.739271364813774e-01    9.967505994834360e-01	   7.480507482775318e-01    7.960069701899546e-05	2.433000000000000e+01   7.480507482775318e-01    7.960069701899546e-05	2.466000000000000e+01   7.480507482775318e-01    7.960069701899546e-05
25   nan    nan	   7.480507482775318e-01    7.960069701899546e-05	2.533000000000000e+01   7.480507482775318e-01    7.960069701899546e-05	2.566000000000000e+01   7.480507482775318e-01    7.960069701899546e-05
26   nan    nan	   7.480507482775318e-01    7.960069701899546e-05	2.633000000000000e+01   7.480507482775318e-01    7.960069701899546e-05	2.666000000000000e+01   7.480507482775318e-01    7.960069701899546e-05
27   nan    nan	   7.480507482775318e-01    7.960069701899546e-05	2.733000000000000e+01   7.480507482775318e-01    7.960069701899546e-05	2.766000000000000e+01   7.480507482775318e-01    7.960069701899546e-05
28   nan    nan	   7.480507482775318e-01    7.960069701899546e-05	2.833000000000000e+01   7.480507482775318e-01    7.960069701899546e-05	2.866000000000000e+01   7.480507482775318e-01    7.960069701899546e-05
29   -nan    -nan	   7.480507482775318e-01    7.960069701899546e-05	2.933000000000000e+01   7.480507482775318e-01    7.960069701899546e-05	2.966000000000000e+01   7.480507482775318e-01    7.960069701899546e-05
30   -nan    -nan	   7.480507482775318e-01    7.960069701899546e-05	3.033000000000000e+01   7.480507482775318e-01    7.960069701899546e-05	3.066000000000000e+01   7.480507482775318e-01    7.960069701899546e-05
31   -nan    -nan	   7.480507482775318e-01    7.960069701899546e-05	3.133000000000000e+01   7.480507482775318e-01    7.960069701899546e-05	3.166000000000000e+01   7.480507482775318e-01    7.960069701899546e-05


 #E1_1 fit in [1,6] chi2=0.67745  0.98379
0.748050748277532    7.96006970189955e-05    	
 
 

#m_eff(t) of P5P5  propagators:1) mu -1.26700 r -1 theta -0.00000 2) mu -0.55000 r 1 theta 0.00000
1   4.675487415851932e-07    3.192985164907033e-10	   4.671997588738297e-07    1.569425888880935e-10	1.330000000000000e+00   3.646239623416701e-07    1.253629437591508e-10	1.660000000000000e+00   2.845691406909575e-07    1.000847037034455e-10
2   2.204746682107339e-07    2.062050695610451e-10	   2.204286562253112e-07    7.931818676297369e-11	2.330000000000000e+00   1.720325589214341e-07    6.326082889915277e-11	2.660000000000000e+00   1.342620412239370e-07    5.043076877595234e-11
3   1.040000074746449e-07    1.315110885452019e-10	   1.040000375909001e-07    3.990903986297994e-11	3.330000000000000e+00   8.116636421539971e-08    3.178686369691337e-11	3.660000000000000e+00   6.334592594920867e-08    2.530730304419841e-11
4   4.903588356971370e-08    8.816781850449619e-11	   4.906806585015032e-08    2.000159684947231e-11	4.330000000000000e+00   3.829495254422434e-08    1.591186871676589e-11	4.660000000000000e+00   2.988712444552822e-08    1.265372960286384e-11
5   2.308017179293332e-08    7.749130535153409e-11	   2.315071361561615e-08    9.989415760916260e-12	5.330000000000000e+00   1.806787090372270e-08    7.938365688281045e-12	5.660000000000000e+00   1.410098904137193e-08    6.306362412565550e-12
6   1.088589300227301e-08    6.966868980251777e-11	   1.092269547675006e-08    4.973397751332738e-12	6.330000000000000e+00   8.524568834967398e-09    3.948434130431311e-12	6.660000000000000e+00   6.652961622599090e-09    3.133773450177876e-12
7   5.102215784291734e-09    5.812633842151664e-11	   5.153416799993853e-09    2.469102733974622e-12	7.330000000000000e+00   4.021961093803351e-09    1.958549209530957e-12	7.660000000000000e+00   3.138921548148045e-09    1.553158469458758e-12
8   2.367951800747687e-09    5.346616658041385e-11	   2.431424072131607e-09    1.222734042020204e-12	8.330000000000000e+00   1.897594042986760e-09    9.691728420569828e-13	8.660000000000000e+00   1.480968784202962e-09    7.680302613380506e-13
9   1.088085998220116e-09    4.812481764367771e-11	   1.147165705410958e-09    6.042398629025110e-13	9.330000000000000e+00   8.953003443019327e-10    4.786704345554415e-13	9.660000000000000e+00   6.987331496480201e-10    3.791546359689181e-13
10   4.963097769798585e-10    5.094274802200974e-11	   5.412421349247531e-10    2.981989544757332e-13	1.033000000000000e+01   4.224100036022698e-10    2.361984453782134e-13	1.066000000000000e+01   3.296679981670598e-10    1.871148032779665e-13
11   2.070857481414365e-10    4.089807274172435e-11	   2.553624530873792e-10    1.472324788839738e-13	1.133000000000000e+01   1.992964844575452e-10    1.167281367622693e-13	1.166000000000000e+01   1.555400499850606e-10    9.261389904548890e-14
12   6.487006072816521e-11    3.768848162049711e-11	   1.204820878567511e-10    7.305331121363159e-14	1.233000000000000e+01   9.402970664044780e-11    5.812190707783015e-14	1.266000000000000e+01   7.338506402330482e-11    4.634557912234069e-14
13   4.376644643324378e-11    3.628707425666856e-11	   5.684443159379890e-11    3.681946579102579e-14	1.333000000000000e+01   4.436398241679239e-11    2.957138065240735e-14	1.366000000000000e+01   3.462367167277501e-11    2.387565562519542e-14
14   1.484803809327066e-11    3.862212107246597e-11	   2.681966640333480e-11    1.928669169348373e-14	1.433000000000000e+01   2.093128870313286e-11    1.580892708522784e-14	1.466000000000000e+01   1.633573066138595e-11    1.308465903004858e-14
15   -5.501095321555868e-12    2.413258572640609e-11	   1.265373733306840e-11    1.089269395601294e-14	1.533000000000000e+01   9.875552713865063e-12    9.227970062991810e-15	1.566000000000000e+01   7.707330952469973e-12    7.914234910846133e-15
16   -2.656540420851695e-12    3.176275959437437e-11	   5.970136472992749e-12    6.841395385560071e-15	1.633000000000000e+01   4.659366313077573e-12    6.007111517628534e-15	1.666000000000000e+01   3.636381603757405e-12    5.327127366041210e-15
17   2.080439421448835e-11    2.550146984422493e-11	   2.816759081102792e-12    4.748683945387167e-15	1.733000000000000e+01   2.198327029968362e-12    4.277369393314801e-15	1.766000000000000e+01   1.715674501369616e-12    3.874161341861028e-15
18   2.121120297707630e-11    1.887909582120935e-11	   1.328969910914863e-12    3.514191336948779e-15	1.833000000000000e+01   1.037188625712686e-12    3.207465187462637e-15	1.866000000000000e+01   8.094692266101542e-13    2.934718513133131e-15
19   5.083719343379769e-11    2.887206940662735e-11	   6.270188472830934e-13    2.683067644022095e-15	1.933000000000000e+01   4.893540575970639e-13    2.462841364776795e-15	1.966000000000000e+01   3.819141883466656e-13    2.262933643908382e-15
20   1.993945783729646e-11    3.439761504169722e-11	   2.958326119967415e-13    2.075510698528045e-15	2.033000000000000e+01   2.308812422839981e-13    1.909509701679876e-15	2.066000000000000e+01   1.801902368046853e-13    1.757508203892112e-15
21   2.637992472580207e-11    2.950398858135745e-11	   1.395762485030051e-13    1.614088708868981e-15	2.133000000000000e+01   1.089316644354266e-13    1.486487774429959e-15	2.166000000000000e+01   8.501523709226422e-14    1.369290947787444e-15
22   4.949252389345800e-11    2.930470068822713e-11	   6.585322948681288e-14    1.258485222852671e-15	2.233000000000000e+01   5.139486897255794e-14    1.159778002072959e-15	2.266000000000000e+01   4.011090889116019e-14    1.069061946574359e-15
23   5.122884890831462e-11    3.104558299417267e-11	   3.107012461509833e-14    9.832786087674379e-16	2.333000000000000e+01   2.424856122177146e-14    9.068780687186952e-16	2.366000000000000e+01   1.892470841468430e-14    8.367000460631056e-16
24   4.720108925156957e-11    2.947938899550995e-11	   1.465920805285146e-14    7.703931371864281e-16	2.433000000000000e+01   1.144075805463770e-14    7.114045989636278e-16	2.466000000000000e+01   8.928945569729301e-15    6.572955165203515e-16
25   2.832764252515689e-11    3.785061328461013e-11	   6.916480461048319e-15    6.062592140166746e-16	2.533000000000000e+01   5.398030405227453e-15    5.609503273652049e-16	2.566000000000000e+01   4.212989221485941e-15    5.194914267176755e-16
26   4.033046754113897e-11    3.796882800615031e-11	   3.263561282664361e-15    4.805034875198411e-16	2.633000000000000e+01   2.547230942422999e-15    4.460143733461189e-16	2.666000000000000e+01   1.988230058537399e-15    4.145886805746206e-16
27   2.823410214148662e-11    3.676723472047095e-11	   1.540429622555787e-15    3.851875415163122e-16	2.733000000000000e+01   1.202643124910640e-15    3.593399443464034e-16	2.766000000000000e+01   9.391377244269090e-16    3.359619205295854e-16
28   -1.024331948443055e-12    3.231831468999204e-11	   7.281743188651403e-16    3.142892020049810e-16	2.833000000000000e+01   5.691939329679406e-16    2.954486976344623e-16	2.866000000000000e+01   4.453697103301152e-16    2.786395225890486e-16
29   3.900538265056008e-12    3.623828900106971e-11	   3.464978275243575e-16    2.633237938620776e-16	2.933000000000000e+01   2.723163115909895e-16    2.502977904544204e-16	2.966000000000000e+01   2.149543418216739e-16    2.389931552604761e-16
30   1.135980117839860e-11    3.953925078170940e-11	   1.697097141211662e-16    2.290644247865194e-16	3.033000000000000e+01   1.364625480128760e-16    2.210277658383717e-16	3.066000000000000e+01   1.116439355337223e-16    2.145114251719983e-16
31   6.401229510620056e-12    5.012747449593980e-11	   9.327281492589964e-17    2.093405234580781e-16	3.133000000000000e+01   8.130051018109706e-17    2.057838703927053e-16	3.166000000000000e+01   7.434968266773154e-17    2.036427954892857e-16


 #E3_0 fit in [2,7] chi2=0.68889  1.4181
0.751182827407989    2.39224374709561e-05    	0.00140728993386383    2.19531845592846e-07    	4.14881352600378e-06    0.00206257564827904    	
#E2_CM   err  E2_CM/M   err  k errk 
 0.751182827408  2.3922437471e-05  	 3.04720728832  0.000871726683145  	 
 


#m_eff(t) of P5P5  propagators:1) mu -1.26700 r -1 theta -0.00000 2) mu -0.55000 r 1 theta 0.00000
1   4.675487415851932e-07    3.192985164907033e-10	   4.677756169380996e-07    2.340666200700811e-20	1.330000000000000e+00   3.651341546630657e-07    1.985727511206813e-20	1.660000000000000e+00   2.850176189411205e-07    1.780064240194004e-20
2   2.204746682107339e-07    2.062050695610451e-10	   2.208189503485667e-07    1.650072325927213e-20	2.330000000000000e+00   1.723721293506831e-07    1.592728892059503e-20	2.660000000000000e+00   1.345565939636604e-07    1.579265446846200e-20
3   1.040000074746449e-07    1.315110885452019e-10	   1.042539254951769e-07    1.601499651412301e-20	3.330000000000000e+00   8.138592692537282e-08    1.609529578206958e-20	3.660000000000000e+00   6.353575274634124e-08    1.642914339490525e-20
4   4.903588356971370e-08    8.816781850449619e-11	   4.923152973011970e-08    1.650018876360706e-20	4.330000000000000e+00   3.843647549022274e-08    1.632123214852521e-20	4.660000000000000e+00   3.000983279049759e-08    1.606179847876038e-20
5   2.308017179293332e-08    7.749130535153409e-11	   2.325686122063545e-08    1.555676084653326e-20	5.330000000000000e+00   1.816029762858741e-08    1.511209869071697e-20	5.660000000000000e+00   1.418167484365515e-08    1.452347902278828e-20
6   1.088589300227301e-08    6.966868980251777e-11	   1.099304750454714e-08    1.386173739691329e-20	6.330000000000000e+00   8.586343714404092e-09    1.317135962746188e-20	6.660000000000000e+00   6.707371941734632e-09    1.250635011901489e-20
7   5.102215784291734e-09    5.812633842151664e-11	   5.201313011940498e-09    1.177445799184292e-20	7.330000000000000e+00   4.064416447300299e-09    1.107304058863991e-20	7.660000000000000e+00   3.176670914504656e-09    1.037715250916424e-20
8   2.367951800747687e-09    5.346616658041385e-11	   2.464975743551147e-09    9.691430145806311e-21	8.330000000000000e+00   1.927607090742594e-09    9.045918532791789e-21	8.660000000000000e+00   1.507891248701027e-09    8.429427310472305e-21
9   1.088085998220116e-09    4.812481764367771e-11	   1.171302769525024e-09    7.823345204820842e-21	9.330000000000000e+00   9.170642067607090e-10    7.265990305586014e-21	9.660000000000000e+00   7.184021706319096e-10    6.740561234086819e-21
10   4.963097769798585e-10    5.094274802200974e-11	   5.590027561914318e-10    6.234320006173719e-21	1.033000000000000e+01   4.385272864796473e-10    5.770645798207863e-21	1.066000000000000e+01   3.443198501141709e-10    5.337947247375343e-21
11   2.070857481414365e-10    4.089807274172435e-11	   2.686659443532939e-10    4.922929089453986e-21	1.133000000000000e+01   2.114278039298875e-10    4.547986568910452e-21	1.166000000000000e+01   1.666168148710994e-10    4.199296937472002e-21
12   6.487006072816521e-11    3.768848162049711e-11	   1.305803576630953e-10    3.865747185235820e-21	1.233000000000000e+01   1.032706663214076e-10    3.566103565010904e-21	1.266000000000000e+01   8.184924388405079e-11    3.288311676883713e-21
13   4.376644643324378e-11    3.628707425666856e-11	   6.458308598399307e-11    3.023809827864293e-21	1.333000000000000e+01   5.146313284026483e-11    2.786661891997369e-21	1.366000000000000e+01   4.114027536913996e-11    2.567455270257404e-21
14   1.484803809327066e-11    3.862212107246597e-11	   3.278949006532877e-11    2.359171874810234e-21	1.433000000000000e+01   2.641703831591333e-11    2.172783433504518e-21	1.466000000000000e+01   2.137881398200495e-11    2.000818334249552e-21
15   -5.501095321555868e-12    2.413258572640609e-11	   1.727988291865178e-11    1.837594230161315e-21	1.533000000000000e+01   1.413143432239891e-11    1.691722515929559e-21	1.566000000000000e+01   1.162371122037231e-11    1.557267635248355e-21
16   -2.656540420851695e-12    3.176275959437437e-11	   9.565980956901931e-12    1.429796230401873e-21	1.633000000000000e+01   7.969958138259940e-12    1.315960424336648e-21	1.666000000000000e+01   6.684946902033996e-12    1.211118478383564e-21
17   2.080439421448835e-11    2.550146984422493e-11	   5.617539648820477e-12    1.111770144084611e-21	1.733000000000000e+01   4.778291565610484e-12    1.023106092460429e-21	1.766000000000000e+01   4.092562876798597e-12    9.414849480047894e-22
18   2.121120297707630e-11    1.887909582120935e-11	   3.513621985152493e-12    8.641811765978627e-22	1.833000000000000e+01   3.050376471117399e-12    7.952128745038420e-22	1.866000000000000e+01   2.664852270349044e-12    7.317515202891918e-22
19   5.083719343379769e-11    2.887206940662735e-11	   2.332927490652737e-12    6.716625879394337e-22	1.933000000000000e+01   2.061871483364479e-12    6.180738255946878e-22	1.966000000000000e+01   1.831617195791668e-12    5.687756649156651e-22
20   1.993945783729646e-11    3.439761504169722e-11	   1.629167755340853e-12    5.221127200872101e-22	2.033000000000000e+01   1.460345930969766e-12    4.805100142148785e-22	2.066000000000000e+01   1.314007215265834e-12    4.422497981184862e-22
21   2.637992472580207e-11    2.950398858135745e-11	   1.182760900018839e-12    4.060471210915098e-22	2.133000000000000e+01   1.071219714011743e-12    3.737817638610003e-22	2.166000000000000e+01   9.728191107228570e-13    3.441200967105857e-22
22   4.949252389345800e-11    2.930470068822713e-11	   8.830930789346960e-13    3.160658307350014e-22	2.233000000000000e+01   8.056698320503815e-13    2.910749099119650e-22	2.266000000000000e+01   7.364355402536753e-13    2.681135482252781e-22
23   5.122884890831462e-11    3.104558299417267e-11	   6.725236014563028e-13    2.464105321045263e-22	2.333000000000000e+01   6.167727879187256e-13    2.270922995303328e-22	2.366000000000000e+01   5.664530245995202e-13    2.093582912024051e-22
24   4.720108925156957e-11    2.947938899550995e-11	   5.196252814941502e-13    1.926137339731463e-22	2.433000000000000e+01   4.784997552039447e-13    1.777273468082714e-22	2.466000000000000e+01   4.411783962745553e-13    1.640816363124809e-22
25   2.832764252515689e-11    3.785061328461013e-11	   4.062968655376770e-13    1.512194379465275e-22	2.533000000000000e+01   3.755658689151787e-13    1.398081683616318e-22	2.566000000000000e+01   3.476217557612893e-13    1.293730567880297e-22
26   4.033046754113897e-11    3.796882800615031e-11	   3.214808958042830e-13    1.195659112457082e-22	2.633000000000000e+01   2.984562018519939e-13    1.108954845375418e-22	2.666000000000000e+01   2.775493795168454e-13    1.029996288240954e-22
27   2.823410214148662e-11    3.676723472047095e-11	   2.580452086939276e-13    9.561640417614843e-23	2.733000000000000e+01   2.409376830307980e-13    8.912879974348865e-23	2.766000000000000e+01   2.254924215885097e-13    8.326378173686041e-23
28   -1.024331948443055e-12    3.231831468999204e-11	   2.111942901350790e-13    7.782908059730399e-23	2.833000000000000e+01   1.987784533728905e-13    7.310656183857723e-23	2.866000000000000e+01   1.877104973939978e-13    6.889482128478441e-23
29   3.900538265056008e-12    3.623828900106971e-11	   1.776322945218169e-13    6.505865061494676e-23	2.933000000000000e+01   1.690647903069597e-13    6.179706625541158e-23	2.966000000000000e+01   1.616319034268551e-13    5.896728833315482e-23
30   1.135980117839860e-11    3.953925078170940e-11	   1.551051850041538e-13    5.648256995849914e-23	3.033000000000000e+01   1.498230425928680e-13    5.447179387543335e-23	3.066000000000000e+01   1.455405490496854e-13    5.284172132377974e-23
31   6.401229510620056e-12    5.012747449593980e-11	   1.421424669682096e-13    5.154838283092872e-23	3.133000000000000e+01   1.398052723896144e-13    5.065891610969855e-23	3.166000000000000e+01   1.383983240147269e-13    5.012348699951069e-23


 #E3_0_vev fit in [1,12] chi2=4.44  4.0998
0.750846942220348    5.10090213737793e-14    	0.00140770434355102    6.77701987526485e-17    	1.15624775231933e-06    7.12822965137736e-07    	-1.91711615159125e-05    1.47670330665587e-15    	
#E2_CM   err  E2_CM/M   err  k errk 
 0.75084694222  5.10090213738e-14  	 3.04584475479  0.000897690502122  	 
 

